Start testing: Mar 29 21:26 UTC
----------------------------------------------------------
1/3 Testing: space_packet
1/3 Test: space_packet
Command: "/workspaces/openobsw/build/test/test_space_packet"
Directory: /workspaces/openobsw/build/test
"space_packet" start time: Mar 29 21:26 UTC
Output:
----------------------------------------------------------
/workspaces/openobsw/test/unit/test_space_packet.c:137:test_encode_decode_roundtrip:PASS
/workspaces/openobsw/test/unit/test_space_packet.c:138:test_encode_null_args:PASS
/workspaces/openobsw/test/unit/test_space_packet.c:139:test_decode_buf_too_small:PASS
/workspaces/openobsw/test/unit/test_space_packet.c:140:test_apid_max_value:PASS
/workspaces/openobsw/test/unit/test_space_packet.c:141:test_seq_count_max_value:PASS
/workspaces/openobsw/test/unit/test_space_packet.c:142:test_parse_valid_packet:PASS
/workspaces/openobsw/test/unit/test_space_packet.c:143:test_parse_truncated_packet:PASS
/workspaces/openobsw/test/unit/test_space_packet.c:144:test_total_len:PASS

-----------------------
8 Tests 0 Failures 0 Ignored 
OK
<end of output>
Test time =   0.02 sec
----------------------------------------------------------
Test Passed.
"space_packet" end time: Mar 29 21:26 UTC
"space_packet" time elapsed: 00:00:00
----------------------------------------------------------

2/3 Testing: dispatcher
2/3 Test: dispatcher
Command: "/workspaces/openobsw/build/test/test_dispatcher"
Directory: /workspaces/openobsw/build/test
"dispatcher" start time: Mar 29 21:26 UTC
Output:
----------------------------------------------------------
/workspaces/openobsw/test/unit/test_dispatcher.c:171:test_init_null_args:PASS
/workspaces/openobsw/test/unit/test_dispatcher.c:172:test_dispatch_matching_route:PASS
/workspaces/openobsw/test/unit/test_dispatcher.c:173:test_dispatch_no_route:PASS
/workspaces/openobsw/test/unit/test_dispatcher.c:174:test_dispatch_wildcard_apid:PASS
/workspaces/openobsw/test/unit/test_dispatcher.c:175:test_dispatch_handler_error:PASS
/workspaces/openobsw/test/unit/test_dispatcher.c:176:test_dispatch_first_match_wins:PASS

-----------------------
6 Tests 0 Failures 0 Ignored 
OK
<end of output>
Test time =   0.00 sec
----------------------------------------------------------
Test Passed.
"dispatcher" end time: Mar 29 21:26 UTC
"dispatcher" time elapsed: 00:00:00
----------------------------------------------------------

3/3 Testing: tm_store
3/3 Test: tm_store
Command: "/workspaces/openobsw/build/test/test_tm_store"
Directory: /workspaces/openobsw/build/test
"tm_store" start time: Mar 29 21:26 UTC
Output:
----------------------------------------------------------
/workspaces/openobsw/test/unit/test_tm_store.c:94:test_init_empty:PASS
/workspaces/openobsw/test/unit/test_tm_store.c:95:test_enqueue_dequeue:PASS
/workspaces/openobsw/test/unit/test_tm_store.c:96:test_fifo_order:PASS
/workspaces/openobsw/test/unit/test_tm_store.c:97:test_dequeue_empty:PASS
/workspaces/openobsw/test/unit/test_tm_store.c:98:test_packet_too_large:PASS
/workspaces/openobsw/test/unit/test_tm_store.c:99:test_store_full:PASS

-----------------------
6 Tests 0 Failures 0 Ignored 
OK
<end of output>
Test time =   0.00 sec
----------------------------------------------------------
Test Passed.
"tm_store" end time: Mar 29 21:26 UTC
"tm_store" time elapsed: 00:00:00
----------------------------------------------------------

End testing: Mar 29 21:26 UTC
