<?xml version="1.0" encoding="UTF-8"?>
<Site BuildName="(empty)"
	BuildStamp="20260330-0500-Experimental"
	Name="(empty)"
	Generator="ctest-3.28.3"
	CompilerName=""
	CompilerVersion=""
	OSName="Linux"
	Hostname="ip-100-64-50-1"
	OSRelease="6.17.0-1007-aws"
	OSVersion="#7-Ubuntu SMP Thu Jan 22 19:26:05 UTC 2026"
	OSPlatform="x86_64"
	Is64Bits="1"
	VendorString="GenuineIntel"
	VendorID="Intel Corporation"
	FamilyID="6"
	ModelID="106"
	ProcessorCacheSize="55296"
	NumberOfLogicalCPU="2"
	NumberOfPhysicalCPU="1"
	TotalVirtualMemory="7776"
	TotalPhysicalMemory="7777"
	LogicalProcessorsPerPhysical="2"
	ProcessorClockFrequency="3499.83"
	>
	<Testing>
		<StartDateTime>Mar 30 05:00 UTC</StartDateTime>
		<StartTestTime>1774846800</StartTestTime>
		<TestList/>
		<EndDateTime>Mar 30 05:00 UTC</EndDateTime>
		<EndTestTime>1774846800</EndTestTime>
		<ElapsedMinutes>0</ElapsedMinutes>
	</Testing>
</Site>
